<?xml version="1.0" encoding="UTF-8"?>
<!-- Generated by org.testng.reporters.JUnitXMLReporter -->
<<<<<<< HEAD
<testsuite ignored="0" hostname="DESKTOP-SJN3UA7" failures="0" tests="1" name="Default test" time="0.039" errors="0" timestamp="2021-09-20T08:47:29 IST">
  <testcase classname="com.qa.testScript.TestBase" name="@BeforeClass Setup" time="-1.63210784942E9">
    <failure type="org.testng.TestNGException" message="
Parameter &amp;apos;OrangeHrmURL&amp;apos; is required by BeforeClass on method Setup but has not been marked @Optional or defined
in C:\Users\INDIA\AppData\Local\Temp\testng-eclipse--1289656252\testng-customsuite.xml">
      <![CDATA[org.testng.TestNGException: 
Parameter 'OrangeHrmURL' is required by BeforeClass on method Setup but has not been marked @Optional or defined
in C:\Users\INDIA\AppData\Local\Temp\testng-eclipse--1289656252\testng-customsuite.xml
=======
<testsuite ignored="0" hostname="DESKTOP-PP5L8QA" failures="0" tests="2" name="Default test" time="1.551" errors="0" timestamp="2021-09-19T16:32:46 IST">
  <testcase classname="com.qa.testScript.TestBase" name="@BeforeClass Setup" time="-1.632049364737E9">
    <failure type="org.testng.TestNGException" message="
Parameter &amp;apos;OrangeHrmURL&amp;apos; is required by BeforeClass on method Setup but has not been marked @Optional or defined
in C:\Users\panindra\AppData\Local\Temp\testng-eclipse--658660461\testng-customsuite.xml">
      <![CDATA[org.testng.TestNGException: 
Parameter 'OrangeHrmURL' is required by BeforeClass on method Setup but has not been marked @Optional or defined
in C:\Users\panindra\AppData\Local\Temp\testng-eclipse--658660461\testng-customsuite.xml
>>>>>>> 9d92b8617fe86eefe7e241a0a6e8eca8c120920c
at org.testng.internal.Parameters.createParams(Parameters.java:272)
at org.testng.internal.Parameters.createParametersForMethod(Parameters.java:360)
at org.testng.internal.Parameters.createParameters(Parameters.java:704)
at org.testng.internal.Parameters.createConfigurationParameters(Parameters.java:166)
at org.testng.internal.ConfigInvoker.invokeConfigurations(ConfigInvoker.java:283)
at org.testng.internal.TestMethodWorker.invokeBeforeClassMethods(TestMethodWorker.java:176)
at org.testng.internal.TestMethodWorker.run(TestMethodWorker.java:122)
at java.base/java.util.ArrayList.forEach(ArrayList.java:1511)
at org.testng.TestRunner.privateRun(TestRunner.java:766)
at org.testng.TestRunner.run(TestRunner.java:587)
at org.testng.SuiteRunner.runTest(SuiteRunner.java:384)
at org.testng.SuiteRunner.runSequentially(SuiteRunner.java:378)
at org.testng.SuiteRunner.privateRun(SuiteRunner.java:337)
at org.testng.SuiteRunner.run(SuiteRunner.java:286)
at org.testng.SuiteRunnerWorker.runSuite(SuiteRunnerWorker.java:53)
at org.testng.SuiteRunnerWorker.run(SuiteRunnerWorker.java:96)
at org.testng.TestNG.runSuitesSequentially(TestNG.java:1187)
at org.testng.TestNG.runSuitesLocally(TestNG.java:1109)
at org.testng.TestNG.runSuites(TestNG.java:1039)
at org.testng.TestNG.run(TestNG.java:1007)
at org.testng.remote.AbstractRemoteTestNG.run(AbstractRemoteTestNG.java:115)
at org.testng.remote.RemoteTestNG.initAndRun(RemoteTestNG.java:251)
at org.testng.remote.RemoteTestNG.main(RemoteTestNG.java:77)
]]>
    </failure>
  </testcase> <!-- @BeforeClass Setup -->
<<<<<<< HEAD
  <testcase classname="com.qa.testScript.TestBase" name="@AfterClass TearDown" time="-1.632107849442E9">
    <skipped/>
  </testcase> <!-- @AfterClass TearDown -->
  <testcase classname="com.qa.testScript.TC_LEAVELIST_002" name="leave_list" time="0.0">
    <skipped/>
  </testcase> <!-- leave_list -->
=======
  <testcase classname="com.qa.testScript.TestBase" name="@AfterClass TearDown" time="-1.632049366252E9">
    <skipped/>
  </testcase> <!-- @AfterClass TearDown -->
  <testcase classname="com.qa.testScript.TC_OrangeHrm_011" name="addEmployee" time="0.0">
    <skipped/>
  </testcase> <!-- addEmployee -->
  <testcase classname="com.qa.testScript.TC_OrangeHrm_011" name="getEmployeeRecord" time="0.0">
    <skipped/>
  </testcase> <!-- getEmployeeRecord -->
>>>>>>> 9d92b8617fe86eefe7e241a0a6e8eca8c120920c
</testsuite> <!-- Default test -->
